2015-05-01 00:22:39,322 INFO Increased RLIMIT_NOFILE limit to 1024
2015-05-01 00:22:39,327 INFO daemonizing the supervisord process
2015-05-01 00:22:39,328 INFO supervisord started with pid 1733
2015-05-01 00:22:40,330 INFO spawned: 'twitter_stream' with pid 1734
2015-05-01 00:22:41,332 INFO success: twitter_stream entered RUNNING state, process has stayed up for > than 1 seconds (startsecs)
2015-05-01 01:06:20,911 INFO exited: twitter_stream (exit status 1; not expected)
2015-05-01 01:06:21,913 INFO spawned: 'twitter_stream' with pid 1988
2015-05-01 01:06:23,641 INFO success: twitter_stream entered RUNNING state, process has stayed up for > than 1 seconds (startsecs)
2015-05-01 01:32:53,771 INFO exited: twitter_stream (exit status 1; not expected)
2015-05-01 01:32:54,773 INFO spawned: 'twitter_stream' with pid 2510
2015-05-01 01:32:56,633 INFO success: twitter_stream entered RUNNING state, process has stayed up for > than 1 seconds (startsecs)
2015-05-01 01:37:06,764 INFO exited: twitter_stream (exit status 1; not expected)
2015-05-01 01:37:07,766 INFO spawned: 'twitter_stream' with pid 2515
2015-05-01 01:37:08,768 INFO success: twitter_stream entered RUNNING state, process has stayed up for > than 1 seconds (startsecs)
2015-05-01 02:02:22,156 INFO exited: twitter_stream (exit status 1; not expected)
2015-05-01 02:02:23,159 INFO spawned: 'twitter_stream' with pid 2689
2015-05-01 02:02:24,161 INFO success: twitter_stream entered RUNNING state, process has stayed up for > than 1 seconds (startsecs)
2015-05-01 02:03:23,488 INFO exited: twitter_stream (exit status 1; not expected)
2015-05-01 02:03:24,490 INFO spawned: 'twitter_stream' with pid 2692
2015-05-01 02:03:25,492 INFO success: twitter_stream entered RUNNING state, process has stayed up for > than 1 seconds (startsecs)
2015-05-01 02:04:25,041 INFO exited: twitter_stream (exit status 1; not expected)
2015-05-01 02:04:26,044 INFO spawned: 'twitter_stream' with pid 2695
2015-05-01 02:04:27,045 INFO success: twitter_stream entered RUNNING state, process has stayed up for > than 1 seconds (startsecs)
2015-05-01 02:05:26,586 INFO exited: twitter_stream (exit status 1; not expected)
2015-05-01 02:05:27,588 INFO spawned: 'twitter_stream' with pid 2700
2015-05-01 02:05:28,590 INFO success: twitter_stream entered RUNNING state, process has stayed up for > than 1 seconds (startsecs)
2015-05-01 02:06:28,067 INFO exited: twitter_stream (exit status 1; not expected)
2015-05-01 02:06:29,070 INFO spawned: 'twitter_stream' with pid 2704
2015-05-01 02:06:30,072 INFO success: twitter_stream entered RUNNING state, process has stayed up for > than 1 seconds (startsecs)
2015-05-01 02:07:29,547 INFO exited: twitter_stream (exit status 1; not expected)
2015-05-01 02:07:30,550 INFO spawned: 'twitter_stream' with pid 2708
2015-05-01 02:07:31,551 INFO success: twitter_stream entered RUNNING state, process has stayed up for > than 1 seconds (startsecs)
2015-05-01 02:08:31,078 INFO exited: twitter_stream (exit status 1; not expected)
2015-05-01 02:08:32,081 INFO spawned: 'twitter_stream' with pid 2711
2015-05-01 02:08:33,082 INFO success: twitter_stream entered RUNNING state, process has stayed up for > than 1 seconds (startsecs)
2015-05-01 02:09:32,565 INFO exited: twitter_stream (exit status 1; not expected)
2015-05-01 02:09:33,568 INFO spawned: 'twitter_stream' with pid 2714
2015-05-01 02:09:34,569 INFO success: twitter_stream entered RUNNING state, process has stayed up for > than 1 seconds (startsecs)
2015-05-01 02:10:33,999 INFO exited: twitter_stream (exit status 1; not expected)
2015-05-01 02:10:35,002 INFO spawned: 'twitter_stream' with pid 2773
2015-05-01 02:10:36,004 INFO success: twitter_stream entered RUNNING state, process has stayed up for > than 1 seconds (startsecs)
2015-05-01 02:11:35,424 INFO exited: twitter_stream (exit status 1; not expected)
2015-05-01 02:11:36,426 INFO spawned: 'twitter_stream' with pid 2776
2015-05-01 02:11:37,427 INFO success: twitter_stream entered RUNNING state, process has stayed up for > than 1 seconds (startsecs)
2015-05-01 02:12:36,843 INFO exited: twitter_stream (exit status 1; not expected)
2015-05-01 02:12:37,846 INFO spawned: 'twitter_stream' with pid 2779
2015-05-01 02:12:38,846 INFO success: twitter_stream entered RUNNING state, process has stayed up for > than 1 seconds (startsecs)
2015-05-01 02:13:38,388 INFO exited: twitter_stream (exit status 1; not expected)
2015-05-01 02:13:39,390 INFO spawned: 'twitter_stream' with pid 2782
2015-05-01 02:13:40,392 INFO success: twitter_stream entered RUNNING state, process has stayed up for > than 1 seconds (startsecs)
2015-05-01 02:14:39,786 INFO exited: twitter_stream (exit status 1; not expected)
2015-05-01 02:14:40,789 INFO spawned: 'twitter_stream' with pid 2785
2015-05-01 02:14:41,791 INFO success: twitter_stream entered RUNNING state, process has stayed up for > than 1 seconds (startsecs)
2015-05-01 02:15:41,285 INFO exited: twitter_stream (exit status 1; not expected)
2015-05-01 02:15:42,288 INFO spawned: 'twitter_stream' with pid 2788
2015-05-01 02:15:43,290 INFO success: twitter_stream entered RUNNING state, process has stayed up for > than 1 seconds (startsecs)
2015-05-01 02:16:42,696 INFO exited: twitter_stream (exit status 1; not expected)
2015-05-01 02:16:43,699 INFO spawned: 'twitter_stream' with pid 2791
2015-05-01 02:16:44,700 INFO success: twitter_stream entered RUNNING state, process has stayed up for > than 1 seconds (startsecs)
2015-05-01 02:17:44,152 INFO exited: twitter_stream (exit status 1; not expected)
2015-05-01 02:17:45,155 INFO spawned: 'twitter_stream' with pid 2796
2015-05-01 02:17:46,156 INFO success: twitter_stream entered RUNNING state, process has stayed up for > than 1 seconds (startsecs)
2015-05-01 02:18:45,627 INFO exited: twitter_stream (exit status 1; not expected)
2015-05-01 02:18:46,630 INFO spawned: 'twitter_stream' with pid 2799
2015-05-01 02:18:47,632 INFO success: twitter_stream entered RUNNING state, process has stayed up for > than 1 seconds (startsecs)
2015-05-01 02:19:46,998 INFO exited: twitter_stream (exit status 1; not expected)
2015-05-01 02:19:48,000 INFO spawned: 'twitter_stream' with pid 2802
2015-05-01 02:19:49,002 INFO success: twitter_stream entered RUNNING state, process has stayed up for > than 1 seconds (startsecs)
2015-05-01 02:20:48,501 INFO exited: twitter_stream (exit status 1; not expected)
2015-05-01 02:20:49,505 INFO spawned: 'twitter_stream' with pid 2805
2015-05-01 02:20:50,507 INFO success: twitter_stream entered RUNNING state, process has stayed up for > than 1 seconds (startsecs)
2015-05-01 02:21:50,038 INFO exited: twitter_stream (exit status 1; not expected)
2015-05-01 02:21:51,041 INFO spawned: 'twitter_stream' with pid 2808
2015-05-01 02:21:52,043 INFO success: twitter_stream entered RUNNING state, process has stayed up for > than 1 seconds (startsecs)
2015-05-01 02:22:17,198 INFO exited: twitter_stream (exit status 1; not expected)
2015-05-01 02:22:18,200 INFO spawned: 'twitter_stream' with pid 2813
2015-05-01 02:22:19,201 INFO success: twitter_stream entered RUNNING state, process has stayed up for > than 1 seconds (startsecs)
2015-05-01 02:31:01,228 WARN received SIGTERM indicating exit request
2015-05-01 02:31:01,228 INFO waiting for twitter_stream to die
2015-05-01 02:31:01,230 INFO stopped: twitter_stream (terminated by SIGTERM)
2015-05-01 02:31:50,465 INFO Increased RLIMIT_NOFILE limit to 1024
2015-05-01 02:31:50,482 INFO daemonizing the supervisord process
2015-05-01 02:31:50,483 INFO supervisord started with pid 2845
2015-05-01 02:31:51,487 INFO spawned: 'twitter_stream' with pid 2846
2015-05-01 02:31:52,896 INFO success: twitter_stream entered RUNNING state, process has stayed up for > than 1 seconds (startsecs)
2015-05-01 02:35:15,593 INFO exited: twitter_stream (exit status 1; not expected)
2015-05-01 02:35:16,596 INFO spawned: 'twitter_stream' with pid 2851
2015-05-01 02:35:17,597 INFO success: twitter_stream entered RUNNING state, process has stayed up for > than 1 seconds (startsecs)
2015-05-01 03:17:17,108 INFO exited: twitter_stream (exit status 1; not expected)
2015-05-01 03:17:18,110 INFO spawned: 'twitter_stream' with pid 3145
2015-05-01 03:17:19,111 INFO success: twitter_stream entered RUNNING state, process has stayed up for > than 1 seconds (startsecs)
2015-05-01 03:19:44,384 INFO exited: twitter_stream (terminated by SIGTERM; not expected)
2015-05-01 03:19:45,386 INFO spawned: 'twitter_stream' with pid 3163
2015-05-01 03:19:47,306 INFO success: twitter_stream entered RUNNING state, process has stayed up for > than 1 seconds (startsecs)
2015-05-01 03:20:01,855 INFO exited: twitter_stream (terminated by SIGTERM; not expected)
2015-05-01 03:20:02,858 INFO spawned: 'twitter_stream' with pid 3168
2015-05-01 03:20:04,597 INFO success: twitter_stream entered RUNNING state, process has stayed up for > than 1 seconds (startsecs)
2015-05-01 03:20:08,288 INFO exited: twitter_stream (terminated by SIGTERM; not expected)
2015-05-01 03:20:09,290 INFO spawned: 'twitter_stream' with pid 3172
2015-05-01 03:20:11,098 INFO success: twitter_stream entered RUNNING state, process has stayed up for > than 1 seconds (startsecs)
2015-05-01 03:20:31,024 INFO exited: twitter_stream (terminated by SIGKILL; not expected)
2015-05-01 03:20:32,026 INFO spawned: 'twitter_stream' with pid 3175
2015-05-01 03:20:33,783 INFO success: twitter_stream entered RUNNING state, process has stayed up for > than 1 seconds (startsecs)
2015-05-01 03:20:37,144 INFO exited: twitter_stream (terminated by SIGKILL; not expected)
2015-05-01 03:20:38,145 INFO spawned: 'twitter_stream' with pid 3178
2015-05-01 03:20:39,952 INFO success: twitter_stream entered RUNNING state, process has stayed up for > than 1 seconds (startsecs)
2015-05-01 03:20:43,823 INFO exited: twitter_stream (terminated by SIGKILL; not expected)
2015-05-01 03:20:44,825 INFO spawned: 'twitter_stream' with pid 3181
2015-05-01 03:20:46,258 INFO success: twitter_stream entered RUNNING state, process has stayed up for > than 1 seconds (startsecs)
2015-05-01 03:38:21,472 INFO Increased RLIMIT_NOFILE limit to 1024
2015-05-01 03:38:21,477 INFO daemonizing the supervisord process
2015-05-01 03:38:21,478 INFO supervisord started with pid 3285
2015-05-01 03:38:22,481 INFO spawned: 'twitter_stream' with pid 3286
2015-05-01 03:38:23,482 INFO success: twitter_stream entered RUNNING state, process has stayed up for > than 1 seconds (startsecs)
2015-05-01 04:14:38,507 WARN received SIGTERM indicating exit request
2015-05-01 04:14:38,508 INFO waiting for twitter_stream to die
2015-05-01 04:14:38,510 INFO stopped: twitter_stream (terminated by SIGTERM)
2015-05-01 04:15:02,812 INFO Increased RLIMIT_NOFILE limit to 1024
2015-05-01 04:15:02,818 INFO daemonizing the supervisord process
2015-05-01 04:15:02,819 INFO supervisord started with pid 3454
2015-05-01 04:15:03,821 INFO spawned: 'twitter_stream' with pid 3455
2015-05-01 04:15:04,822 INFO success: twitter_stream entered RUNNING state, process has stayed up for > than 1 seconds (startsecs)
2015-05-01 04:29:40,339 WARN received SIGTERM indicating exit request
2015-05-01 04:29:40,339 INFO waiting for twitter_stream to die
2015-05-01 04:29:40,342 INFO stopped: twitter_stream (terminated by SIGTERM)
2015-05-01 04:30:03,312 INFO Increased RLIMIT_NOFILE limit to 1024
2015-05-01 04:30:03,318 INFO daemonizing the supervisord process
2015-05-01 04:30:03,319 INFO supervisord started with pid 3499
2015-05-01 04:30:04,323 INFO spawned: 'twitter_stream' with pid 3500
2015-05-01 04:30:04,340 INFO exited: twitter_stream (exit status 1; not expected)
2015-05-01 04:30:05,343 INFO spawned: 'twitter_stream' with pid 3502
2015-05-01 04:30:05,361 INFO exited: twitter_stream (exit status 1; not expected)
2015-05-01 04:30:07,366 INFO spawned: 'twitter_stream' with pid 3503
2015-05-01 04:30:07,383 INFO exited: twitter_stream (exit status 1; not expected)
2015-05-01 04:30:10,387 INFO spawned: 'twitter_stream' with pid 3504
2015-05-01 04:30:10,404 INFO exited: twitter_stream (exit status 1; not expected)
2015-05-01 04:30:11,405 INFO gave up: twitter_stream entered FATAL state, too many start retries too quickly
2015-05-01 04:30:45,114 WARN received SIGTERM indicating exit request
2015-05-01 04:31:13,714 INFO Increased RLIMIT_NOFILE limit to 1024
2015-05-01 04:31:13,716 INFO daemonizing the supervisord process
2015-05-01 04:31:13,717 INFO supervisord started with pid 3513
2015-05-01 04:31:14,720 INFO spawned: 'twitter_stream' with pid 3514
2015-05-01 04:31:15,488 INFO exited: twitter_stream (exit status 0; not expected)
2015-05-01 04:31:16,491 INFO spawned: 'twitter_stream' with pid 3517
2015-05-01 04:31:17,255 INFO exited: twitter_stream (exit status 0; not expected)
2015-05-01 04:31:19,259 INFO spawned: 'twitter_stream' with pid 3521
2015-05-01 04:31:19,906 INFO exited: twitter_stream (exit status 0; not expected)
2015-05-01 04:31:22,911 INFO spawned: 'twitter_stream' with pid 3526
2015-05-01 04:31:23,674 INFO exited: twitter_stream (exit status 0; not expected)
2015-05-01 04:31:24,675 INFO gave up: twitter_stream entered FATAL state, too many start retries too quickly
2015-05-01 04:31:52,827 WARN received SIGTERM indicating exit request
2015-05-01 04:34:46,430 INFO Increased RLIMIT_NOFILE limit to 1024
2015-05-01 04:34:46,434 INFO daemonizing the supervisord process
2015-05-01 04:34:46,435 INFO supervisord started with pid 3586
2015-05-01 04:34:47,438 INFO spawned: 'twitter_stream' with pid 3587
2015-05-01 04:34:48,987 INFO success: twitter_stream entered RUNNING state, process has stayed up for > than 1 seconds (startsecs)
2015-05-01 04:37:02,591 WARN received SIGTERM indicating exit request
2015-05-01 04:37:02,591 INFO waiting for twitter_stream to die
2015-05-01 04:37:02,594 INFO stopped: twitter_stream (terminated by SIGTERM)
2015-05-01 04:37:13,139 INFO Increased RLIMIT_NOFILE limit to 1024
2015-05-01 04:37:13,142 INFO daemonizing the supervisord process
2015-05-01 04:37:13,143 INFO supervisord started with pid 3615
2015-05-01 04:37:14,145 INFO spawned: 'twitter_stream' with pid 3616
2015-05-01 04:37:15,147 INFO success: twitter_stream entered RUNNING state, process has stayed up for > than 1 seconds (startsecs)
2015-05-01 04:42:25,186 INFO exited: twitter_stream (exit status 1; not expected)
2015-05-01 04:42:26,189 INFO spawned: 'twitter_stream' with pid 3632
2015-05-01 04:42:27,190 INFO success: twitter_stream entered RUNNING state, process has stayed up for > than 1 seconds (startsecs)
2015-05-01 04:51:55,155 INFO exited: twitter_stream (exit status 1; not expected)
2015-05-01 04:51:56,157 INFO spawned: 'twitter_stream' with pid 3660
2015-05-01 04:51:57,158 INFO success: twitter_stream entered RUNNING state, process has stayed up for > than 1 seconds (startsecs)
2015-05-01 04:53:21,911 WARN received SIGTERM indicating exit request
2015-05-01 04:53:21,911 INFO waiting for twitter_stream to die
2015-05-01 04:53:21,913 INFO stopped: twitter_stream (terminated by SIGTERM)
2015-05-01 04:54:05,612 INFO Increased RLIMIT_NOFILE limit to 1024
2015-05-01 04:54:05,618 INFO daemonizing the supervisord process
2015-05-01 04:54:05,619 INFO supervisord started with pid 3742
2015-05-01 04:54:06,622 INFO spawned: 'twitter_stream' with pid 3743
2015-05-01 04:54:08,506 INFO success: twitter_stream entered RUNNING state, process has stayed up for > than 1 seconds (startsecs)
2015-05-01 05:00:20,846 INFO exited: twitter_stream (exit status 1; not expected)
2015-05-01 05:00:21,848 INFO spawned: 'twitter_stream' with pid 3769
2015-05-01 05:00:22,849 INFO success: twitter_stream entered RUNNING state, process has stayed up for > than 1 seconds (startsecs)
2015-05-01 05:10:13,055 WARN received SIGTERM indicating exit request
2015-05-01 05:10:13,056 INFO waiting for twitter_stream to die
2015-05-01 05:10:13,058 INFO stopped: twitter_stream (terminated by SIGTERM)
2015-05-01 15:55:12,352 INFO Increased RLIMIT_NOFILE limit to 1024
2015-05-01 15:55:12,359 INFO daemonizing the supervisord process
2015-05-01 15:55:12,360 INFO supervisord started with pid 1060
2015-05-01 15:55:13,363 INFO spawned: 'twitter_stream' with pid 1061
2015-05-01 15:55:15,336 INFO success: twitter_stream entered RUNNING state, process has stayed up for > than 1 seconds (startsecs)
2015-05-01 16:04:49,908 WARN received SIGTERM indicating exit request
2015-05-01 16:04:49,908 INFO waiting for twitter_stream to die
2015-05-01 16:04:49,910 INFO stopped: twitter_stream (terminated by SIGTERM)
2015-05-01 16:05:05,163 INFO Increased RLIMIT_NOFILE limit to 1024
2015-05-01 16:05:05,167 INFO daemonizing the supervisord process
2015-05-01 16:05:05,168 INFO supervisord started with pid 1157
2015-05-01 16:05:06,170 INFO spawned: 'twitter_stream' with pid 1158
2015-05-01 16:05:06,193 INFO exited: twitter_stream (exit status 1; not expected)
2015-05-01 16:05:07,197 INFO spawned: 'twitter_stream' with pid 1159
2015-05-01 16:05:07,220 INFO exited: twitter_stream (exit status 1; not expected)
2015-05-01 16:05:09,224 INFO spawned: 'twitter_stream' with pid 1160
2015-05-01 16:05:09,244 INFO exited: twitter_stream (exit status 1; not expected)
2015-05-01 16:05:12,247 INFO spawned: 'twitter_stream' with pid 1161
2015-05-01 16:05:12,266 INFO exited: twitter_stream (exit status 1; not expected)
2015-05-01 16:05:13,268 INFO gave up: twitter_stream entered FATAL state, too many start retries too quickly
2015-05-01 16:05:57,256 WARN received SIGTERM indicating exit request
2015-05-01 16:06:00,373 INFO Increased RLIMIT_NOFILE limit to 1024
2015-05-01 16:06:00,376 INFO daemonizing the supervisord process
2015-05-01 16:06:00,377 INFO supervisord started with pid 1183
2015-05-01 16:06:01,380 INFO spawned: 'twitter_stream' with pid 1184
2015-05-01 16:06:02,382 INFO success: twitter_stream entered RUNNING state, process has stayed up for > than 1 seconds (startsecs)
2015-05-01 16:55:22,539 INFO exited: twitter_stream (exit status 1; not expected)
2015-05-01 16:55:23,542 INFO spawned: 'twitter_stream' with pid 1369
2015-05-01 16:55:24,544 INFO success: twitter_stream entered RUNNING state, process has stayed up for > than 1 seconds (startsecs)
2015-05-01 19:05:23,895 INFO exited: twitter_stream (exit status 1; not expected)
2015-05-01 19:05:24,898 INFO spawned: 'twitter_stream' with pid 1484
2015-05-01 19:05:25,900 INFO success: twitter_stream entered RUNNING state, process has stayed up for > than 1 seconds (startsecs)
2015-05-01 19:08:07,573 INFO exited: twitter_stream (exit status 1; not expected)
2015-05-01 19:08:08,576 INFO spawned: 'twitter_stream' with pid 1503
2015-05-01 19:08:09,577 INFO success: twitter_stream entered RUNNING state, process has stayed up for > than 1 seconds (startsecs)
2015-05-01 19:42:34,726 INFO exited: twitter_stream (exit status 1; not expected)
2015-05-01 19:42:35,729 INFO spawned: 'twitter_stream' with pid 1540
2015-05-01 19:42:37,462 INFO success: twitter_stream entered RUNNING state, process has stayed up for > than 1 seconds (startsecs)
2015-05-01 19:54:16,686 INFO exited: twitter_stream (exit status 1; not expected)
2015-05-01 19:54:17,688 INFO spawned: 'twitter_stream' with pid 1559
2015-05-01 19:54:18,691 INFO success: twitter_stream entered RUNNING state, process has stayed up for > than 1 seconds (startsecs)
2015-05-01 19:56:30,639 INFO exited: twitter_stream (exit status 1; not expected)
2015-05-01 19:56:31,643 INFO spawned: 'twitter_stream' with pid 1565
2015-05-01 19:56:32,645 INFO success: twitter_stream entered RUNNING state, process has stayed up for > than 1 seconds (startsecs)
2015-05-01 20:08:52,332 INFO exited: twitter_stream (exit status 1; not expected)
2015-05-01 20:08:53,335 INFO spawned: 'twitter_stream' with pid 1570
2015-05-01 20:08:54,986 INFO success: twitter_stream entered RUNNING state, process has stayed up for > than 1 seconds (startsecs)
2015-05-01 20:15:00,175 INFO exited: twitter_stream (exit status 1; not expected)
2015-05-01 20:15:01,178 INFO spawned: 'twitter_stream' with pid 1574
2015-05-01 20:15:02,180 INFO success: twitter_stream entered RUNNING state, process has stayed up for > than 1 seconds (startsecs)
2015-05-01 20:18:17,047 INFO exited: twitter_stream (exit status 1; not expected)
2015-05-01 20:18:18,051 INFO spawned: 'twitter_stream' with pid 1578
2015-05-01 20:18:19,751 INFO success: twitter_stream entered RUNNING state, process has stayed up for > than 1 seconds (startsecs)
2015-05-01 22:43:51,849 INFO exited: twitter_stream (exit status 1; not expected)
2015-05-01 22:43:52,851 INFO spawned: 'twitter_stream' with pid 1622
2015-05-01 22:43:53,852 INFO success: twitter_stream entered RUNNING state, process has stayed up for > than 1 seconds (startsecs)
2015-05-01 22:47:02,291 INFO exited: twitter_stream (exit status 1; not expected)
2015-05-01 22:47:03,294 INFO spawned: 'twitter_stream' with pid 1637
2015-05-01 22:47:04,828 INFO success: twitter_stream entered RUNNING state, process has stayed up for > than 1 seconds (startsecs)
2015-05-01 22:50:36,273 INFO exited: twitter_stream (exit status 1; not expected)
2015-05-01 22:50:37,275 INFO spawned: 'twitter_stream' with pid 1645
2015-05-01 22:50:39,049 INFO success: twitter_stream entered RUNNING state, process has stayed up for > than 1 seconds (startsecs)
2015-05-01 22:57:25,989 INFO exited: twitter_stream (exit status 1; not expected)
2015-05-01 22:57:26,992 INFO spawned: 'twitter_stream' with pid 1718
2015-05-01 22:57:27,994 INFO success: twitter_stream entered RUNNING state, process has stayed up for > than 1 seconds (startsecs)
2015-05-01 22:58:23,740 INFO exited: twitter_stream (exit status 1; not expected)
2015-05-01 22:58:24,743 INFO spawned: 'twitter_stream' with pid 1724
2015-05-01 22:58:26,334 INFO success: twitter_stream entered RUNNING state, process has stayed up for > than 1 seconds (startsecs)
2015-05-01 22:59:40,651 INFO exited: twitter_stream (exit status 1; not expected)
2015-05-01 22:59:41,654 INFO spawned: 'twitter_stream' with pid 1727
2015-05-01 22:59:42,656 INFO success: twitter_stream entered RUNNING state, process has stayed up for > than 1 seconds (startsecs)
2015-05-01 23:00:45,711 INFO exited: twitter_stream (exit status 1; not expected)
2015-05-01 23:00:46,713 INFO spawned: 'twitter_stream' with pid 1730
2015-05-01 23:00:48,230 INFO success: twitter_stream entered RUNNING state, process has stayed up for > than 1 seconds (startsecs)
2015-05-01 23:01:46,772 INFO exited: twitter_stream (exit status 1; not expected)
2015-05-01 23:01:47,775 INFO spawned: 'twitter_stream' with pid 1733
2015-05-01 23:01:49,505 INFO success: twitter_stream entered RUNNING state, process has stayed up for > than 1 seconds (startsecs)
2015-05-01 23:03:36,738 INFO exited: twitter_stream (exit status 1; not expected)
2015-05-01 23:03:37,741 INFO spawned: 'twitter_stream' with pid 1737
2015-05-01 23:03:39,386 INFO success: twitter_stream entered RUNNING state, process has stayed up for > than 1 seconds (startsecs)
2015-05-01 23:06:04,452 INFO exited: twitter_stream (exit status 1; not expected)
2015-05-01 23:06:05,455 INFO spawned: 'twitter_stream' with pid 1742
2015-05-01 23:06:07,155 INFO success: twitter_stream entered RUNNING state, process has stayed up for > than 1 seconds (startsecs)
2015-05-01 23:08:26,302 INFO exited: twitter_stream (exit status 1; not expected)
2015-05-01 23:08:27,305 INFO spawned: 'twitter_stream' with pid 1752
2015-05-01 23:08:29,106 INFO success: twitter_stream entered RUNNING state, process has stayed up for > than 1 seconds (startsecs)
2015-05-01 23:53:35,528 INFO exited: twitter_stream (exit status 1; not expected)
2015-05-01 23:53:36,531 INFO spawned: 'twitter_stream' with pid 1819
2015-05-01 23:53:38,214 INFO success: twitter_stream entered RUNNING state, process has stayed up for > than 1 seconds (startsecs)
2015-05-01 23:55:06,064 INFO exited: twitter_stream (exit status 1; not expected)
2015-05-01 23:55:07,067 INFO spawned: 'twitter_stream' with pid 1822
2015-05-01 23:55:08,637 INFO success: twitter_stream entered RUNNING state, process has stayed up for > than 1 seconds (startsecs)
2015-05-01 23:57:13,819 INFO exited: twitter_stream (exit status 1; not expected)
2015-05-01 23:57:14,821 INFO spawned: 'twitter_stream' with pid 1829
2015-05-01 23:57:15,823 INFO success: twitter_stream entered RUNNING state, process has stayed up for > than 1 seconds (startsecs)
2015-05-01 23:57:30,187 INFO exited: twitter_stream (exit status 1; not expected)
2015-05-01 23:57:31,189 INFO spawned: 'twitter_stream' with pid 1833
2015-05-01 23:57:32,191 INFO success: twitter_stream entered RUNNING state, process has stayed up for > than 1 seconds (startsecs)
2015-05-02 00:02:48,856 INFO exited: twitter_stream (exit status 1; not expected)
2015-05-02 00:02:49,859 INFO spawned: 'twitter_stream' with pid 1839
2015-05-02 00:02:51,713 INFO success: twitter_stream entered RUNNING state, process has stayed up for > than 1 seconds (startsecs)
2015-05-02 00:05:38,865 INFO exited: twitter_stream (exit status 1; not expected)
2015-05-02 00:05:39,867 INFO spawned: 'twitter_stream' with pid 1848
2015-05-02 00:05:40,869 INFO success: twitter_stream entered RUNNING state, process has stayed up for > than 1 seconds (startsecs)
2015-05-02 00:06:17,051 INFO exited: twitter_stream (exit status 1; not expected)
2015-05-02 00:06:18,053 INFO spawned: 'twitter_stream' with pid 1859
2015-05-02 00:06:19,578 INFO success: twitter_stream entered RUNNING state, process has stayed up for > than 1 seconds (startsecs)
2015-05-02 00:10:01,718 INFO exited: twitter_stream (exit status 1; not expected)
2015-05-02 00:10:02,721 INFO spawned: 'twitter_stream' with pid 1952
2015-05-02 00:10:03,723 INFO success: twitter_stream entered RUNNING state, process has stayed up for > than 1 seconds (startsecs)
2015-05-02 00:14:18,802 INFO exited: twitter_stream (exit status 1; not expected)
2015-05-02 00:14:19,806 INFO spawned: 'twitter_stream' with pid 1971
2015-05-02 00:14:20,808 INFO success: twitter_stream entered RUNNING state, process has stayed up for > than 1 seconds (startsecs)
2015-05-02 00:14:29,089 INFO exited: twitter_stream (exit status 1; not expected)
2015-05-02 00:14:30,090 INFO spawned: 'twitter_stream' with pid 1974
2015-05-02 00:14:31,092 INFO success: twitter_stream entered RUNNING state, process has stayed up for > than 1 seconds (startsecs)
2015-05-02 00:14:47,080 INFO exited: twitter_stream (exit status 1; not expected)
2015-05-02 00:14:48,082 INFO spawned: 'twitter_stream' with pid 2006
2015-05-02 00:14:49,572 INFO success: twitter_stream entered RUNNING state, process has stayed up for > than 1 seconds (startsecs)
2015-05-02 00:16:25,511 INFO exited: twitter_stream (exit status 1; not expected)
2015-05-02 00:16:26,513 INFO spawned: 'twitter_stream' with pid 2016
2015-05-02 00:16:28,095 INFO success: twitter_stream entered RUNNING state, process has stayed up for > than 1 seconds (startsecs)
2015-05-02 00:18:02,336 INFO exited: twitter_stream (exit status 1; not expected)
2015-05-02 00:18:03,339 INFO spawned: 'twitter_stream' with pid 2026
2015-05-02 00:18:04,928 INFO success: twitter_stream entered RUNNING state, process has stayed up for > than 1 seconds (startsecs)
2015-05-02 00:19:36,082 INFO exited: twitter_stream (exit status 1; not expected)
2015-05-02 00:19:37,084 INFO spawned: 'twitter_stream' with pid 2031
2015-05-02 00:19:38,667 INFO success: twitter_stream entered RUNNING state, process has stayed up for > than 1 seconds (startsecs)
2015-05-02 00:21:13,652 INFO exited: twitter_stream (exit status 1; not expected)
2015-05-02 00:21:14,655 INFO spawned: 'twitter_stream' with pid 2036
2015-05-02 00:21:16,097 INFO success: twitter_stream entered RUNNING state, process has stayed up for > than 1 seconds (startsecs)
2015-05-02 00:22:30,432 INFO exited: twitter_stream (exit status 1; not expected)
2015-05-02 00:22:31,434 INFO spawned: 'twitter_stream' with pid 2039
2015-05-02 00:22:33,058 INFO success: twitter_stream entered RUNNING state, process has stayed up for > than 1 seconds (startsecs)
2015-05-02 00:25:42,563 INFO exited: twitter_stream (exit status 1; not expected)
2015-05-02 00:25:43,566 INFO spawned: 'twitter_stream' with pid 2043
2015-05-02 00:25:45,254 INFO success: twitter_stream entered RUNNING state, process has stayed up for > than 1 seconds (startsecs)
2015-05-02 00:27:32,505 INFO exited: twitter_stream (exit status 1; not expected)
2015-05-02 00:27:33,508 INFO spawned: 'twitter_stream' with pid 2054
2015-05-02 00:27:34,986 INFO success: twitter_stream entered RUNNING state, process has stayed up for > than 1 seconds (startsecs)
2015-05-02 00:29:13,149 INFO exited: twitter_stream (exit status 1; not expected)
2015-05-02 00:29:14,151 INFO spawned: 'twitter_stream' with pid 2057
2015-05-02 00:29:15,744 INFO success: twitter_stream entered RUNNING state, process has stayed up for > than 1 seconds (startsecs)
2015-05-02 00:30:52,970 INFO exited: twitter_stream (exit status 1; not expected)
2015-05-02 00:30:53,973 INFO spawned: 'twitter_stream' with pid 2062
2015-05-02 00:30:55,560 INFO success: twitter_stream entered RUNNING state, process has stayed up for > than 1 seconds (startsecs)
2015-05-02 00:33:16,242 INFO exited: twitter_stream (exit status 1; not expected)
2015-05-02 00:33:17,244 INFO spawned: 'twitter_stream' with pid 2070
2015-05-02 00:33:19,029 INFO success: twitter_stream entered RUNNING state, process has stayed up for > than 1 seconds (startsecs)
2015-05-02 00:35:49,411 INFO exited: twitter_stream (exit status 1; not expected)
2015-05-02 00:35:50,414 INFO spawned: 'twitter_stream' with pid 2081
2015-05-02 00:35:52,080 INFO success: twitter_stream entered RUNNING state, process has stayed up for > than 1 seconds (startsecs)
2015-05-02 00:37:47,770 INFO exited: twitter_stream (exit status 1; not expected)
2015-05-02 00:37:48,771 INFO spawned: 'twitter_stream' with pid 2090
2015-05-02 00:37:50,225 INFO success: twitter_stream entered RUNNING state, process has stayed up for > than 1 seconds (startsecs)
2015-05-02 00:39:30,294 INFO exited: twitter_stream (exit status 1; not expected)
2015-05-02 00:39:31,295 INFO spawned: 'twitter_stream' with pid 2103
2015-05-02 00:39:32,911 INFO success: twitter_stream entered RUNNING state, process has stayed up for > than 1 seconds (startsecs)
2015-05-02 00:51:35,464 INFO Increased RLIMIT_NOFILE limit to 1024
2015-05-02 00:51:35,497 INFO daemonizing the supervisord process
2015-05-02 00:51:35,499 INFO supervisord started with pid 2142
2015-05-02 00:51:36,501 INFO spawned: 'twitter_stream' with pid 2143
2015-05-02 00:51:38,108 INFO success: twitter_stream entered RUNNING state, process has stayed up for > than 1 seconds (startsecs)
2015-05-02 00:53:11,720 INFO exited: twitter_stream (exit status 1; not expected)
2015-05-02 00:53:12,723 INFO spawned: 'twitter_stream' with pid 2152
2015-05-02 00:53:14,311 INFO success: twitter_stream entered RUNNING state, process has stayed up for > than 1 seconds (startsecs)
2015-05-02 00:54:27,750 INFO exited: twitter_stream (exit status 1; not expected)
2015-05-02 00:54:28,752 INFO spawned: 'twitter_stream' with pid 2158
2015-05-02 00:54:30,287 INFO success: twitter_stream entered RUNNING state, process has stayed up for > than 1 seconds (startsecs)
2015-05-02 00:55:57,594 INFO exited: twitter_stream (exit status 1; not expected)
2015-05-02 00:55:58,596 INFO spawned: 'twitter_stream' with pid 2161
2015-05-02 00:55:59,597 INFO success: twitter_stream entered RUNNING state, process has stayed up for > than 1 seconds (startsecs)
2015-05-02 00:57:13,693 INFO exited: twitter_stream (exit status 1; not expected)
2015-05-02 00:57:14,695 INFO spawned: 'twitter_stream' with pid 2166
2015-05-02 00:57:15,697 INFO success: twitter_stream entered RUNNING state, process has stayed up for > than 1 seconds (startsecs)
2015-05-02 00:57:54,776 INFO exited: twitter_stream (exit status 1; not expected)
2015-05-02 00:57:55,778 INFO spawned: 'twitter_stream' with pid 2170
2015-05-02 00:57:57,357 INFO success: twitter_stream entered RUNNING state, process has stayed up for > than 1 seconds (startsecs)
2015-05-02 00:58:36,507 INFO exited: twitter_stream (exit status 1; not expected)
2015-05-02 00:58:37,509 INFO spawned: 'twitter_stream' with pid 2174
2015-05-02 00:58:39,082 INFO success: twitter_stream entered RUNNING state, process has stayed up for > than 1 seconds (startsecs)
2015-05-02 01:02:44,149 INFO exited: twitter_stream (exit status 1; not expected)
2015-05-02 01:02:45,151 INFO spawned: 'twitter_stream' with pid 2184
2015-05-02 01:02:46,750 INFO success: twitter_stream entered RUNNING state, process has stayed up for > than 1 seconds (startsecs)
2015-05-02 01:03:59,079 WARN received SIGTERM indicating exit request
2015-05-02 01:03:59,079 INFO waiting for twitter_stream to die
2015-05-02 01:03:59,082 INFO stopped: twitter_stream (terminated by SIGTERM)
2015-05-02 01:04:10,017 INFO Increased RLIMIT_NOFILE limit to 1024
2015-05-02 01:04:10,031 INFO daemonizing the supervisord process
2015-05-02 01:04:10,033 INFO supervisord started with pid 2195
2015-05-02 01:04:11,035 INFO spawned: 'twitter_stream' with pid 2196
2015-05-02 01:04:12,038 INFO success: twitter_stream entered RUNNING state, process has stayed up for > than 1 seconds (startsecs)
2015-05-02 01:04:28,477 INFO exited: twitter_stream (exit status 1; not expected)
2015-05-02 01:04:29,479 INFO spawned: 'twitter_stream' with pid 2201
2015-05-02 01:04:30,995 INFO success: twitter_stream entered RUNNING state, process has stayed up for > than 1 seconds (startsecs)
2015-05-02 01:05:58,087 INFO exited: twitter_stream (exit status 1; not expected)
2015-05-02 01:05:59,090 INFO spawned: 'twitter_stream' with pid 2210
2015-05-02 01:06:00,093 INFO success: twitter_stream entered RUNNING state, process has stayed up for > than 1 seconds (startsecs)
2015-05-02 01:06:26,622 INFO exited: twitter_stream (exit status 1; not expected)
2015-05-02 01:06:27,625 INFO spawned: 'twitter_stream' with pid 2213
2015-05-02 01:06:29,055 INFO success: twitter_stream entered RUNNING state, process has stayed up for > than 1 seconds (startsecs)
2015-05-02 01:09:57,507 INFO exited: twitter_stream (exit status 1; not expected)
2015-05-02 01:09:58,511 INFO spawned: 'twitter_stream' with pid 2243
2015-05-02 01:09:59,513 INFO success: twitter_stream entered RUNNING state, process has stayed up for > than 1 seconds (startsecs)
2015-05-02 01:10:40,036 INFO exited: twitter_stream (exit status 1; not expected)
2015-05-02 01:10:41,039 INFO spawned: 'twitter_stream' with pid 2248
2015-05-02 01:10:42,041 INFO success: twitter_stream entered RUNNING state, process has stayed up for > than 1 seconds (startsecs)
2015-05-02 01:12:15,413 INFO exited: twitter_stream (exit status 1; not expected)
2015-05-02 01:12:16,416 INFO spawned: 'twitter_stream' with pid 2256
2015-05-02 01:12:17,963 INFO success: twitter_stream entered RUNNING state, process has stayed up for > than 1 seconds (startsecs)
2015-05-02 01:15:17,335 INFO exited: twitter_stream (exit status 1; not expected)
2015-05-02 01:15:18,336 INFO spawned: 'twitter_stream' with pid 2264
2015-05-02 01:15:20,025 INFO success: twitter_stream entered RUNNING state, process has stayed up for > than 1 seconds (startsecs)
2015-05-02 01:16:25,964 INFO exited: twitter_stream (exit status 1; not expected)
2015-05-02 01:16:26,966 INFO spawned: 'twitter_stream' with pid 2273
2015-05-02 01:16:28,446 INFO success: twitter_stream entered RUNNING state, process has stayed up for > than 1 seconds (startsecs)
2015-05-02 01:17:39,023 INFO exited: twitter_stream (exit status 1; not expected)
2015-05-02 01:17:40,026 INFO spawned: 'twitter_stream' with pid 2280
2015-05-02 01:17:41,029 INFO success: twitter_stream entered RUNNING state, process has stayed up for > than 1 seconds (startsecs)
2015-05-02 01:29:56,396 INFO exited: twitter_stream (exit status 1; not expected)
2015-05-02 01:29:57,399 INFO spawned: 'twitter_stream' with pid 2302
2015-05-02 01:29:59,010 INFO success: twitter_stream entered RUNNING state, process has stayed up for > than 1 seconds (startsecs)
2015-05-02 01:30:55,800 INFO exited: twitter_stream (exit status 1; not expected)
2015-05-02 01:30:56,801 INFO spawned: 'twitter_stream' with pid 2307
2015-05-02 01:30:58,418 INFO success: twitter_stream entered RUNNING state, process has stayed up for > than 1 seconds (startsecs)
2015-05-02 01:32:09,951 INFO exited: twitter_stream (exit status 1; not expected)
2015-05-02 01:32:10,954 INFO spawned: 'twitter_stream' with pid 2313
2015-05-02 01:32:12,519 INFO success: twitter_stream entered RUNNING state, process has stayed up for > than 1 seconds (startsecs)
2015-05-02 01:33:01,448 INFO exited: twitter_stream (exit status 1; not expected)
2015-05-02 01:33:02,450 INFO spawned: 'twitter_stream' with pid 2317
2015-05-02 01:33:03,926 INFO success: twitter_stream entered RUNNING state, process has stayed up for > than 1 seconds (startsecs)
2015-05-02 01:34:00,132 INFO exited: twitter_stream (exit status 1; not expected)
2015-05-02 01:34:01,134 INFO spawned: 'twitter_stream' with pid 2321
2015-05-02 01:34:02,709 INFO success: twitter_stream entered RUNNING state, process has stayed up for > than 1 seconds (startsecs)
2015-05-02 01:34:56,961 INFO exited: twitter_stream (exit status 1; not expected)
2015-05-02 01:34:57,963 INFO spawned: 'twitter_stream' with pid 2324
2015-05-02 01:34:59,610 INFO success: twitter_stream entered RUNNING state, process has stayed up for > than 1 seconds (startsecs)
2015-05-02 01:35:40,781 INFO exited: twitter_stream (exit status 1; not expected)
2015-05-02 01:35:41,782 INFO spawned: 'twitter_stream' with pid 2327
2015-05-02 01:35:43,371 INFO success: twitter_stream entered RUNNING state, process has stayed up for > than 1 seconds (startsecs)
2015-05-02 01:36:51,442 INFO exited: twitter_stream (exit status 1; not expected)
2015-05-02 01:36:52,444 INFO spawned: 'twitter_stream' with pid 2334
2015-05-02 01:36:53,879 INFO success: twitter_stream entered RUNNING state, process has stayed up for > than 1 seconds (startsecs)
2015-05-02 01:37:54,610 INFO exited: twitter_stream (exit status 1; not expected)
2015-05-02 01:37:55,612 INFO spawned: 'twitter_stream' with pid 2343
2015-05-02 01:37:57,318 INFO success: twitter_stream entered RUNNING state, process has stayed up for > than 1 seconds (startsecs)
2015-05-02 01:38:32,236 INFO exited: twitter_stream (exit status 1; not expected)
2015-05-02 01:38:33,239 INFO spawned: 'twitter_stream' with pid 2346
2015-05-02 01:38:34,240 INFO success: twitter_stream entered RUNNING state, process has stayed up for > than 1 seconds (startsecs)
2015-05-02 01:39:38,123 INFO exited: twitter_stream (exit status 1; not expected)
2015-05-02 01:39:39,125 INFO spawned: 'twitter_stream' with pid 2358
2015-05-02 01:39:40,126 INFO success: twitter_stream entered RUNNING state, process has stayed up for > than 1 seconds (startsecs)
2015-05-02 01:40:24,865 INFO exited: twitter_stream (exit status 1; not expected)
2015-05-02 01:40:25,868 INFO spawned: 'twitter_stream' with pid 2361
2015-05-02 01:40:27,605 INFO success: twitter_stream entered RUNNING state, process has stayed up for > than 1 seconds (startsecs)
